# JRE version: Java(TM) SE Runtime Environment (21.0.4+8) (build 21.0.4+8-LTS-274)
# Java VM: Java HotSpot(TM) 64-Bit Server VM (21.0.4+8-LTS-274, mixed mode, sharing, tiered, compressed oops, compressed class ptrs, g1 gc, windows-amd64)
GC Precious Log:
 CardTable entry size: 512
 Card Set container configuration: InlinePtr #cards 5 size 8 Array Of Cards #cards 12 size 40 Howl #buckets 4 coarsen threshold 1843 Howl Bitmap #cards 512 size 80 coarsen threshold 460 Card regions per heap region 1 cards per card region 2048
 CPUs: 4 total, 4 available
 Memory: 4012M
 Large Page Support: Disabled
 NUMA Support: Disabled
 Compressed Oops: Enabled (32-bit)
 Heap Region Size: 1M
 Heap Min Capacity: 8M
 Heap Initial Capacity: 64M
 Heap Max Capacity: 1004M
 Pre-touch: Disabled
 Parallel Workers: 4
 Concurrent Workers: 1
 Concurrent Refinement Workers: 4
 Periodic GC: Disabled
Heap:
 garbage-first heap   total 63488K, used 49254K [0x00000000c1400000, 0x0000000100000000)
  region size 1024K, 20 young (20480K), 2 survivors (2048K)
 Metaspace       used 72566K, committed 73280K, reserved 1114112K
  class space    used 9387K, committed 9728K, reserved 1048576K
GC Heap History (20 events):
Event: 1305.916 GC heap before
{Heap before GC invocations=24 (full 1):
 garbage-first heap   total 56320K, used 40119K [0x00000000c1400000, 0x0000000100000000)
  region size 1024K, 10 young (10240K), 3 survivors (3072K)
 Metaspace       used 70223K, committed 70976K, reserved 1114112K
  class space    used 9239K, committed 9664K, reserved 1048576K
}
Event: 1306.534 GC heap after
{Heap after GC invocations=25 (full 2):
 garbage-first heap   total 56320K, used 25435K [0x00000000c1400000, 0x0000000100000000)
  region size 1024K, 0 young (0K), 0 survivors (0K)
 Metaspace       used 70223K, committed 70976K, reserved 1114112K
  class space    used 9239K, committed 9664K, reserved 1048576K
}
Event: 1308.734 GC heap before
{Heap before GC invocations=25 (full 2):
 garbage-first heap   total 56320K, used 45915K [0x00000000c1400000, 0x0000000100000000)
  region size 1024K, 21 young (21504K), 0 survivors (0K)
 Metaspace       used 70387K, committed 71104K, reserved 1114112K
  class space    used 9243K, committed 9664K, reserved 1048576K
}
Event: 1308.744 GC heap after
{Heap after GC invocations=26 (full 2):
 garbage-first heap   total 56320K, used 27698K [0x00000000c1400000, 0x0000000100000000)
  region size 1024K, 3 young (3072K), 3 survivors (3072K)
 Metaspace       used 70387K, committed 71104K, reserved 1114112K
  class space    used 9243K, committed 9664K, reserved 1048576K
}
Event: 1310.449 GC heap before
{Heap before GC invocations=27 (full 2):
 garbage-first heap   total 56320K, used 46130K [0x00000000c1400000, 0x0000000100000000)
  region size 1024K, 22 young (22528K), 3 survivors (3072K)
 Metaspace       used 70693K, committed 71488K, reserved 1114112K
  class space    used 9248K, committed 9664K, reserved 1048576K
}
Event: 1310.459 GC heap after
{Heap after GC invocations=28 (full 2):
 garbage-first heap   total 56320K, used 30323K [0x00000000c1400000, 0x0000000100000000)
  region size 1024K, 3 young (3072K), 3 survivors (3072K)
 Metaspace       used 70693K, committed 71488K, reserved 1114112K
  class space    used 9248K, committed 9664K, reserved 1048576K
}
Event: 1320.604 GC heap before
{Heap before GC invocations=28 (full 2):
 garbage-first heap   total 56320K, used 43635K [0x00000000c1400000, 0x0000000100000000)
  region size 1024K, 17 young (17408K), 3 survivors (3072K)
 Metaspace       used 70887K, committed 71616K, reserved 1114112K
  class space    used 9255K, committed 9664K, reserved 1048576K
}
Event: 1320.689 GC heap after
{Heap after GC invocations=29 (full 3):
 garbage-first heap   total 56320K, used 25630K [0x00000000c1400000, 0x0000000100000000)
  region size 1024K, 0 young (0K), 0 survivors (0K)
 Metaspace       used 70884K, committed 71616K, reserved 1114112K
  class space    used 9254K, committed 9664K, reserved 1048576K
}
Event: 1321.426 GC heap before
{Heap before GC invocations=29 (full 3):
 garbage-first heap   total 56320K, used 46110K [0x00000000c1400000, 0x0000000100000000)
  region size 1024K, 20 young (20480K), 0 survivors (0K)
 Metaspace       used 70985K, committed 71680K, reserved 1114112K
  class space    used 9257K, committed 9664K, reserved 1048576K
}
Event: 1321.431 GC heap after
{Heap after GC invocations=30 (full 3):
 garbage-first heap   total 56320K, used 27794K [0x00000000c1400000, 0x0000000100000000)
  region size 1024K, 3 young (3072K), 3 survivors (3072K)
 Metaspace       used 70985K, committed 71680K, reserved 1114112K
  class space    used 9257K, committed 9664K, reserved 1048576K
}
Event: 1322.175 GC heap before
{Heap before GC invocations=31 (full 3):
 garbage-first heap   total 58368K, used 45202K [0x00000000c1400000, 0x0000000100000000)
  region size 1024K, 21 young (21504K), 3 survivors (3072K)
 Metaspace       used 71165K, committed 71872K, reserved 1114112K
  class space    used 9262K, committed 9664K, reserved 1048576K
}
Event: 1322.186 GC heap after
{Heap after GC invocations=32 (full 3):
 garbage-first heap   total 58368K, used 29531K [0x00000000c1400000, 0x0000000100000000)
  region size 1024K, 2 young (2048K), 2 survivors (2048K)
 Metaspace       used 71165K, committed 71872K, reserved 1114112K
  class space    used 9262K, committed 9664K, reserved 1048576K
}
Event: 1347.437 GC heap before
{Heap before GC invocations=32 (full 3):
 garbage-first heap   total 58368K, used 47963K [0x00000000c1400000, 0x0000000100000000)
  region size 1024K, 21 young (21504K), 2 survivors (2048K)
 Metaspace       used 71748K, committed 72448K, reserved 1114112K
  class space    used 9324K, committed 9664K, reserved 1048576K
}
Event: 1347.446 GC heap after
{Heap after GC invocations=33 (full 3):
 garbage-first heap   total 58368K, used 32230K [0x00000000c1400000, 0x0000000100000000)
  region size 1024K, 3 young (3072K), 3 survivors (3072K)
 Metaspace       used 71748K, committed 72448K, reserved 1114112K
  class space    used 9324K, committed 9664K, reserved 1048576K
}
Event: 1409.257 GC heap before
{Heap before GC invocations=33 (full 3):
 garbage-first heap   total 58368K, used 35302K [0x00000000c1400000, 0x0000000100000000)
  region size 1024K, 8 young (8192K), 3 survivors (3072K)
 Metaspace       used 72209K, committed 72832K, reserved 1114112K
  class space    used 9372K, committed 9664K, reserved 1048576K
}
Event: 1409.417 GC heap after
{Heap after GC invocations=34 (full 4):
 garbage-first heap   total 58368K, used 27750K [0x00000000c1400000, 0x0000000100000000)
  region size 1024K, 0 young (0K), 0 survivors (0K)
 Metaspace       used 72206K, committed 72832K, reserved 1114112K
  class space    used 9372K, committed 9664K, reserved 1048576K
}
Event: 1409.986 GC heap before
{Heap before GC invocations=34 (full 4):
 garbage-first heap   total 58368K, used 49254K [0x00000000c1400000, 0x0000000100000000)
  region size 1024K, 21 young (21504K), 0 survivors (0K)
 Metaspace       used 72275K, committed 72896K, reserved 1114112K
  class space    used 9376K, committed 9664K, reserved 1048576K
}
Event: 1409.991 GC heap after
{Heap after GC invocations=35 (full 4):
 garbage-first heap   total 58368K, used 30039K [0x00000000c1400000, 0x0000000100000000)
  region size 1024K, 3 young (3072K), 3 survivors (3072K)
 Metaspace       used 72275K, committed 72896K, reserved 1114112K
  class space    used 9376K, committed 9664K, reserved 1048576K
}
Event: 1410.613 GC heap before
{Heap before GC invocations=36 (full 4):
 garbage-first heap   total 63488K, used 48471K [0x00000000c1400000, 0x0000000100000000)
  region size 1024K, 22 young (22528K), 3 survivors (3072K)
 Metaspace       used 72501K, committed 73216K, reserved 1114112K
  class space    used 9385K, committed 9728K, reserved 1048576K
}
Event: 1410.622 GC heap after
{Heap after GC invocations=37 (full 4):
 garbage-first heap   total 63488K, used 31846K [0x00000000c1400000, 0x0000000100000000)
  region size 1024K, 2 young (2048K), 2 survivors (2048K)
 Metaspace       used 72501K, committed 73216K, reserved 1114112K
  class space    used 9385K, committed 9728K, reserved 1048576K
}

